********************************************************************************
product = WebSphere Application Server 8.5.5.1 (wlp-1.0.4.cl50120131011-1639)
wlp.install.dir = C:/Users/Chris/Desktop/eclipse/plugins/com.worklight.studio.plugin_6.2.0.00-20141002-1640/liberty/wlp/
server.config.dir = C:/Users/Chris/Documents/GitHub/Beats4Days/WorklightServerConfig/servers/worklight/
java.home = C:\Program Files\Java\jre6
java.version = 1.6.0_24
java.runtime = Java(TM) SE Runtime Environment (1.6.0_24-b07)
os = Windows 7 (6.1; amd64) (en_US)
********************************************************************************
[10/11/14 13:23:48:000 EDT] 00000001 com.ibm.ws.logging.internal.TraceSpecification               I TRAS0018I: The trace state has been changed. The new trace state is *=info.
[10/11/14 13:23:48:027 EDT] 00000001 com.ibm.ws.kernel.launch.internal.FrameworkManager           A CWWKE0001I: The server worklight has been launched.
[10/11/14 13:23:50:265 EDT] 00000001 com.ibm.ws.kernel.launch.internal.FrameworkManager           I CWWKE0002I: The kernel started after 2.439 seconds
[10/11/14 13:23:50:340 EDT] 00000019 com.ibm.ws.kernel.feature.internal.FeatureManager            I CWWKF0007I: Feature update started.
[10/11/14 13:23:51:544 EDT] 00000012 com.ibm.ws.security.internal.SecurityReadyServiceImpl        I CWWKS0007I: The security service is starting...
[10/11/14 13:23:52:809 EDT] 0000001e com.ibm.ws.tcpchannel.internal.TCPChannel                    I CWWKO0219I: TCP Channel defaultHttpEndpoint has been started and is now listening for requests on host *  (IPv4) port 10080.
[10/11/14 13:23:52:925 EDT] 0000001e com.ibm.ws.tcpchannel.internal.TCPChannel                    I CWWKO0219I: TCP Channel defaultHttpEndpoint-ssl has been started and is now listening for requests on host *  (IPv4) port 10443.
[10/11/14 13:23:53:785 EDT] 00000012 com.ibm.ws.app.manager.internal.monitor.DropinMonitor        A CWWKZ0058I: Monitoring dropins for applications. 
[10/11/14 13:23:53:800 EDT] 00000022 com.ibm.ws.security.internal.SecurityReadyServiceImpl        I CWWKS0008I: The security service is ready.
[10/11/14 13:23:53:803 EDT] 00000022 com.ibm.ws.security.token.ltpa.internal.LTPAKeyCreator       I CWWKS4105I: LTPA configuration is ready after 0.711 seconds.
[10/11/14 13:23:53:890 EDT] 00000015 com.ibm.ws.app.manager.internal.statemachine.StartAction     I CWWKZ0018I: Starting application Beats4days.
[10/11/14 13:23:54:329 EDT] 00000024 com.ibm.ws.webcontainer.osgi.webapp.WebGroup                 I SRVE0169I: Loading Web Module: IBMJMXConnectorREST.
[10/11/14 13:23:54:330 EDT] 00000024 com.ibm.ws.webcontainer                                      I SRVE0250I: Web Module IBMJMXConnectorREST has been bound to default_host.
[10/11/14 13:23:54:335 EDT] 00000024 com.ibm.ws.http.internal.VirtualHostImpl                     A CWWKT0016I: Web application available (default_host): http://192.168.1.103:10080/IBMJMXConnectorREST/
[10/11/14 13:23:54:353 EDT] 00000015 com.ibm.ws.webcontainer.osgi.webapp.WebGroup                 I SRVE0169I: Loading Web Module: Worklight.
[10/11/14 13:23:54:353 EDT] 00000015 com.ibm.ws.webcontainer                                      I SRVE0250I: Web Module Worklight has been bound to default_host.
[10/11/14 13:23:54:353 EDT] 00000015 com.ibm.ws.http.internal.VirtualHostImpl                     A CWWKT0016I: Web application available (default_host): http://192.168.1.103:10080/Beats4days/
[10/11/14 13:23:54:976 EDT] 00000015 com.ibm.ws.session.WASSessionCore                            I SESN8501I: The session manager did not find a persistent storage location; HttpSession objects will be stored in the local application server's memory.
[10/11/14 13:23:54:988 EDT] 00000015 com.ibm.ws.session.WASSessionCore                            I SESN0176I: A new session context will be created for application key default_host/Beats4days
[10/11/14 13:23:54:991 EDT] 00000024 com.ibm.ws.session.WASSessionCore                            I SESN0176I: A new session context will be created for application key default_host/IBMJMXConnectorREST
[10/11/14 13:23:55:014 EDT] 00000015 com.ibm.ws.util                                              I SESN0172I: The session manager is using the Java default SecureRandom implementation for session ID generation.
[10/11/14 13:23:55:032 EDT] 00000024 com.ibm.ws.util                                              I SESN0172I: The session manager is using the Java default SecureRandom implementation for session ID generation.
[10/11/14 13:23:55:643 EDT] 00000024 apache.wink.server.internal.application.ApplicationProcessor I The following JAX-RS application has been processed: com.ibm.ws.jaxrs.webcontainer.JAXRSDefaultApplicationSubclassProxy
[10/11/14 13:23:55:645 EDT] 00000024 org.apache.wink.server.internal.log.Resources                I The server has registered the JAX-RS resource class com.ibm.ws.jmx.connector.server.rest.resources.FileTransferRouterResource with @Path(/fileTransfer/router/{filePath}).
[10/11/14 13:23:55:645 EDT] 00000024 org.apache.wink.server.internal.log.Resources                I The server has registered the JAX-RS resource class com.ibm.ws.jmx.connector.server.rest.resources.AttributeResource with @Path(/mbeans/{objectName}/attributes).
[10/11/14 13:23:55:645 EDT] 00000024 org.apache.wink.server.internal.log.Resources                I The server has registered the JAX-RS resource class com.ibm.ws.jmx.connector.server.rest.resources.FileTransferResource with @Path(/fileTransfer/{filePath}).
[10/11/14 13:23:55:646 EDT] 00000024 org.apache.wink.server.internal.log.Resources                I The server has registered the JAX-RS resource class com.ibm.ws.jmx.connector.server.rest.resources.NotificationResource with @Path(/notifications).
[10/11/14 13:23:55:646 EDT] 00000024 org.apache.wink.server.internal.log.Resources                I The server has registered the JAX-RS resource class com.ibm.ws.jmx.connector.server.rest.resources.MBeanRouterResource with @Path(/router).
[10/11/14 13:23:55:646 EDT] 00000024 org.apache.wink.server.internal.log.Resources                I The server has registered the JAX-RS resource class com.ibm.ws.jmx.connector.server.rest.resources.MBeanResource with @Path(/mbeans).
[10/11/14 13:23:55:647 EDT] 00000024 org.apache.wink.server.internal.log.Resources                I The server has registered the JAX-RS resource class com.ibm.ws.jmx.connector.server.rest.resources.JMXResource with @Path().
[10/11/14 13:23:55:651 EDT] 00000024 org.apache.wink.server.internal.log.Providers                I The class com.ibm.ws.jmx.connector.server.rest.providers.JSONErrorOutputStreamProvider was registered as a JAX-RS MessageBodyWriter provider for com.ibm.ws.jmx.connector.server.rest.providers.JSONErrorOutputStream Java types and application/json media types.
[10/11/14 13:23:56:149 EDT] 00000024 com.ibm.ws.webcontainer.servlet                              I SRVE0242I: [com.ibm.ws.jmx.connector.server.rest] [/IBMJMXConnectorREST] [MBeanServerConnector]: Initialization successful.
[10/11/14 13:23:57:366 EDT] 00000015 com.worklight.server.bundle.api.WorklightConfiguration       I FWLSE4006I: Worklight Studio is running in 'development' mode. [project Beats4days]
[10/11/14 13:23:57:369 EDT] 00000029 com.worklight.server.bundle.project.JeeProjectActivator      I FWLST0022I: Worklight project async start = true
[10/11/14 13:23:57:404 EDT] 00000015 apache.wink.server.internal.application.ApplicationProcessor I The following JAX-RS application has been processed: com.ibm.ws.jaxrs.webcontainer.JAXRSDefaultApplicationSubclassProxy
[10/11/14 13:23:57:404 EDT] 00000015 org.apache.wink.server.internal.log.Resources                I The server has registered the JAX-RS resource class com.worklight.oauth.TokenValidationEndpoint with @Path(/validation).
[10/11/14 13:23:57:404 EDT] 00000015 org.apache.wink.server.internal.log.Resources                I The server has registered the JAX-RS resource class com.worklight.oauth.TokenEndpoint with @Path(/token).
[10/11/14 13:23:57:405 EDT] 00000015 org.apache.wink.server.internal.log.Providers                I There are no custom JAX-RS providers defined in the application.
[10/11/14 13:23:57:435 EDT] 00000015 com.ibm.ws.webcontainer.servlet                              I SRVE0242I: [Beats4days] [/Beats4days] [AuthorizationServer]: Initialization successful.
[10/11/14 13:23:57:458 EDT] 00000015 com.ibm.ws.app.manager.internal.statemachine.StartAction     A CWWKZ0001I: Application Beats4days started in 3.569 seconds.
[10/11/14 13:23:57:471 EDT] 00000015 com.ibm.ws.app.manager.internal.statemachine.StartAction     I CWWKZ0018I: Starting application WorklightServices.
[10/11/14 13:23:57:578 EDT] 00000029 com.worklight.server.bundle.project.JeeProjectActivator      I FWLST0001I: Worklight home folder is C:\Users\Chris\Documents\GitHub\Beats4Days\WorklightServerConfig\servers\worklight\workarea\org.eclipse.osgi\bundles\75\data\temp\default_node\SMF_WebContainer\Beats4days\Beats4days [project Beats4days]
[10/11/14 13:23:57:653 EDT] 00000029 ingframework.context.support.FileSystemXmlApplicationContext I Refreshing org.springframework.context.support.FileSystemXmlApplicationContext@a30bff3: display name [org.springframework.context.support.FileSystemXmlApplicationContext@a30bff3]; startup date [Sat Oct 11 13:23:57 EDT 2014]; root of context hierarchy
[10/11/14 13:23:57:800 EDT] 00000029 rg.springframework.beans.factory.xml.XmlBeanDefinitionReader I Loading XML bean definitions from URL [wsjar:file:/C:/Users/Chris/Documents/GitHub/Beats4Days/WorklightServerConfig/shared/resources/worklight-jee-library-6.2.0.jar!/conf/spring-server-core.xml]
[10/11/14 13:23:57:933 EDT] 00000029 rg.springframework.beans.factory.xml.XmlBeanDefinitionReader I Loading XML bean definitions from URL [wsjar:file:/C:/Users/Chris/Documents/GitHub/Beats4Days/WorklightServerConfig/shared/resources/worklight-jee-library-6.2.0.jar!/conf/core.xml]
[10/11/14 13:23:57:978 EDT] 00000029 rg.springframework.beans.factory.xml.XmlBeanDefinitionReader I Loading XML bean definitions from URL [wsjar:file:/C:/Users/Chris/Documents/GitHub/Beats4Days/WorklightServerConfig/shared/resources/worklight-jee-library-6.2.0.jar!/conf/integration.xml]
[10/11/14 13:23:57:997 EDT] 00000029 rg.springframework.beans.factory.xml.XmlBeanDefinitionReader I Loading XML bean definitions from URL [wsjar:file:/C:/Users/Chris/Documents/GitHub/Beats4Days/WorklightServerConfig/shared/resources/worklight-jee-library-6.2.0.jar!/conf/gadgets.xml]
[10/11/14 13:23:58:014 EDT] 00000029 rg.springframework.beans.factory.xml.XmlBeanDefinitionReader I Loading XML bean definitions from URL [wsjar:file:/C:/Users/Chris/Documents/GitHub/Beats4Days/WorklightServerConfig/shared/resources/worklight-jee-library-6.2.0.jar!/conf/pushworks.xml]
[10/11/14 13:23:58:036 EDT] 00000029 ngframework.beans.factory.support.DefaultListableBeanFactory I Overriding bean definition for bean 'gadgetCustomizedResourcesRoot': replacing [Generic bean: class [com.worklight.core.util.WorkingDirectory]; scope=singleton; abstract=false; lazyInit=false; autowireMode=0; dependencyCheck=0; autowireCandidate=true; primary=false; factoryBeanName=null; factoryMethodName=null; initMethodName=null; destroyMethodName=null; defined in URL [wsjar:file:/C:/Users/Chris/Documents/GitHub/Beats4Days/WorklightServerConfig/shared/resources/worklight-jee-library-6.2.0.jar!/conf/gadgets.xml]] with [Generic bean: class [com.worklight.core.util.WorkingDirectory]; scope=singleton; abstract=false; lazyInit=false; autowireMode=0; dependencyCheck=0; autowireCandidate=true; primary=false; factoryBeanName=null; factoryMethodName=null; initMethodName=null; destroyMethodName=null; defined in URL [wsjar:file:/C:/Users/Chris/Documents/GitHub/Beats4Days/WorklightServerConfig/shared/resources/worklight-jee-library-6.2.0.jar!/conf/spring-server-core.xml]]
[10/11/14 13:23:58:037 EDT] 00000029 ngframework.beans.factory.support.DefaultListableBeanFactory I Overriding bean definition for bean 'gadgetResourcesRoot': replacing [Generic bean: class [com.worklight.core.util.WorkingDirectory]; scope=singleton; abstract=false; lazyInit=false; autowireMode=0; dependencyCheck=0; autowireCandidate=true; primary=false; factoryBeanName=null; factoryMethodName=null; initMethodName=null; destroyMethodName=null; defined in URL [wsjar:file:/C:/Users/Chris/Documents/GitHub/Beats4Days/WorklightServerConfig/shared/resources/worklight-jee-library-6.2.0.jar!/conf/gadgets.xml]] with [Generic bean: class [com.worklight.core.util.WorkingDirectory]; scope=singleton; abstract=false; lazyInit=false; autowireMode=0; dependencyCheck=0; autowireCandidate=true; primary=false; factoryBeanName=null; factoryMethodName=null; initMethodName=null; destroyMethodName=null; defined in URL [wsjar:file:/C:/Users/Chris/Documents/GitHub/Beats4Days/WorklightServerConfig/shared/resources/worklight-jee-library-6.2.0.jar!/conf/spring-server-core.xml]]
[10/11/14 13:23:58:048 EDT] 00000029 ingframework.context.support.FileSystemXmlApplicationContext I Bean factory for application context [org.springframework.context.support.FileSystemXmlApplicationContext@a30bff3]: org.springframework.beans.factory.support.DefaultListableBeanFactory@352a9f62
[10/11/14 13:23:58:466 EDT] 00000029 ngframework.beans.factory.support.DefaultListableBeanFactory I Pre-instantiating singletons in org.springframework.beans.factory.support.DefaultListableBeanFactory@352a9f62: defining beans [txManager,mailingService,WorkLightNotice,rssBrokerUtils,audit,GenericDAO,clusterSynchronizationDAO,taskCoordinator,taskManager,worklightAuthenticationService,authenticationDAO,ssoDAO,ssoExpiredLoginContextsCleanupTask,keyStoreManager,analyticsHttpService,invocationContextManager,dataAccessService,shellResourcesService,analyticsService,coreServiceManager,adapterManager,nodeProcessManager,adapterManagementService,factProcessingTask,PlatformUsageProcessingTask,notificationCleanupTask,WSSecurityService,gadgetDAO,deviceDAO,licenseTermsDAO,platformUsageService,configProfileService,gfwProps,gadgetEnvironmentManager,gadgetResourcesRoot,gadgetCustomizedResourcesRoot,applicationMetadataService,applicationManagementService,notificationsSimulationManager,pushServiceListener,PushService,worklight-direct,rssBrokerDS,brokerSessionFactory,reportService,reportsDS,reportsBrokerDS,reportsSessionFactory,gadgetReportsDAO,notificationReportsDao,gadgetReportsService,analyticsFactService,nodeInfo,registrationService,runtimeTransactionHandler,projectSyncService]; root of factory hierarchy
[10/11/14 13:24:00:121 EDT] 0000001f com.ibm.ws.logging.internal.impl.IncidentImpl                I FFDC1015I: An FFDC Incident has been created: "com.ibm.wsspi.channelfw.exception.ChannelException: TCP Channel detected a possible loop on thread: Inbound Read Selector.1 com.ibm.ws.tcpchannel.internal.SocketRWChannelSelector 186" at ffdc_14.10.11_13.24.00.0.log
[10/11/14 13:24:00:343 EDT] 00000029 ringframework.orm.jpa.LocalContainerEntityManagerFactoryBean I Building JPA container EntityManagerFactory for persistence unit 'WorklightPU'
[10/11/14 13:24:00:798 EDT] 00000029 SystemErr                                                    R 37  WorklightPU  WARN   [Thread-15] openjpa.Runtime - An error occurred while registering a ClassTransformer with PersistenceUnitInfo: name 'WorklightPU', root URL [file:/C:/Users/Chris/Documents/GitHub/Beats4Days/WorklightServerConfig/shared/resources/worklight-jee-library-6.2.0.jar]. The error has been consumed. To see it, set your openjpa.Runtime log level to TRACE. Load-time class transformation will not be available.
[10/11/14 13:24:02:294 EDT] 00000029 SystemErr                                                    R 1534  WorklightPU  INFO   [Thread-15] openjpa.Runtime - Starting OpenJPA 1.2.2
[10/11/14 13:24:02:403 EDT] 00000029 SystemErr                                                    R 1642  WorklightPU  INFO   [Thread-15] openjpa.jdbc.JDBC - Using dictionary class "org.apache.openjpa.jdbc.sql.HSQLDictionary".
[10/11/14 13:24:02:404 EDT] 00000015 com.ibm.ws.webcontainer.osgi.webapp.WebGroup                 I SRVE0169I: Loading Web Module: Worklight Administration Services.
[10/11/14 13:24:02:404 EDT] 00000015 com.ibm.ws.webcontainer                                      I SRVE0250I: Web Module Worklight Administration Services has been bound to default_host.
[10/11/14 13:24:02:404 EDT] 00000015 com.ibm.ws.http.internal.VirtualHostImpl                     A CWWKT0016I: Web application available (default_host): http://192.168.1.103:10080/worklightadmin/
[10/11/14 13:24:02:568 EDT] 00000015 com.ibm.ws.injectionengine.AbstractInjectionEngine           W CWNEN0070W: The javax.ws.rs.QueryParam annotation class will not be recognized because it was loaded from the null location rather than from a product class loader.
[10/11/14 13:24:02:569 EDT] 00000015 com.ibm.ws.injectionengine.AbstractInjectionEngine           W CWNEN0070W: The javax.ws.rs.CookieParam annotation class will not be recognized because it was loaded from the null location rather than from a product class loader.
[10/11/14 13:24:02:569 EDT] 00000015 com.ibm.ws.injectionengine.AbstractInjectionEngine           W CWNEN0070W: The javax.ws.rs.MatrixParam annotation class will not be recognized because it was loaded from the null location rather than from a product class loader.
[10/11/14 13:24:02:571 EDT] 00000015 com.ibm.ws.injectionengine.AbstractInjectionEngine           W CWNEN0070W: The javax.ws.rs.core.Context annotation class will not be recognized because it was loaded from the null location rather than from a product class loader.
[10/11/14 13:24:02:572 EDT] 00000015 com.ibm.ws.injectionengine.AbstractInjectionEngine           W CWNEN0070W: The javax.ws.rs.PathParam annotation class will not be recognized because it was loaded from the null location rather than from a product class loader.
[10/11/14 13:24:02:572 EDT] 00000015 com.ibm.ws.injectionengine.AbstractInjectionEngine           W CWNEN0070W: The javax.ws.rs.HeaderParam annotation class will not be recognized because it was loaded from the null location rather than from a product class loader.
[10/11/14 13:24:02:594 EDT] 00000015 com.ibm.ws.session.WASSessionCore                            I SESN0176I: A new session context will be created for application key default_host/worklightadmin
[10/11/14 13:24:02:594 EDT] 00000015 com.ibm.ws.util                                              I SESN0172I: The session manager is using the Java default SecureRandom implementation for session ID generation.
[10/11/14 13:24:03:204 EDT] 00000015 com.ibm.ws.webcontainer.webapp                               I SRVE0292I: Servlet Message - [worklight-management-service]:.Initializing Spring root WebApplicationContext
[10/11/14 13:24:03:206 EDT] 00000015 org.springframework.web.context.ContextLoader                I Root WebApplicationContext: initialization started
[10/11/14 13:24:03:256 EDT] 00000015 springframework.web.context.support.XmlWebApplicationContext I Refreshing org.springframework.web.context.support.XmlWebApplicationContext@250be282: display name [Root WebApplicationContext]; startup date [Sat Oct 11 13:24:03 EDT 2014]; root of context hierarchy
[10/11/14 13:24:03:350 EDT] 00000015 rg.springframework.beans.factory.xml.XmlBeanDefinitionReader I Loading XML bean definitions from ServletContext resource [/WEB-INF/spring-management-service.xml]
[10/11/14 13:24:03:403 EDT] 00000015 springframework.web.context.support.XmlWebApplicationContext I Bean factory for application context [org.springframework.web.context.support.XmlWebApplicationContext@250be282]: org.springframework.beans.factory.support.DefaultListableBeanFactory@180bf596
[10/11/14 13:24:03:455 EDT] 00000015 ngframework.beans.factory.support.DefaultListableBeanFactory I Pre-instantiating singletons in org.springframework.beans.factory.support.DefaultListableBeanFactory@180bf596: defining beans [registrationServiceFactory]; root of factory hierarchy
[10/11/14 13:24:03:621 EDT] 00000015 com.ibm.worklight.dataaccess.datastore.DataStoreUtil         I getWorklightDataSourceProperties Read properties file. allProperties: {ibm.worklight.admin.db.jndi.name=java:comp/env/jdbc/WorklightAdminDS}
[10/11/14 13:24:03:632 EDT] 00000015 com.ibm.worklight.dataaccess.datastore.DataStoreUtil         I dereferenceProperties Handling propName=ibm.worklight.admin.db.jndi.name propValue=java:comp/env/jdbc/WorklightAdminDS
[10/11/14 13:24:03:632 EDT] 00000015 com.ibm.worklight.dataaccess.datastore.DataStoreUtil         I dereferenceProperties Handling propName=ibm.worklight.admin.db.openjpa.Log propValue=
[10/11/14 13:24:03:632 EDT] 00000015 com.ibm.worklight.dataaccess.datastore.DataStoreUtil         I dereferenceProperties Handling propName=ibm.worklight.admin.db.type propValue=
[10/11/14 13:24:03:872 EDT] 00000015 com.ibm.ws.recoverylog.spi.RecoveryDirectorImpl              I CWRLS0010I: Performing recovery processing for local WebSphere server (Cell\Node\Server).
[10/11/14 13:24:03:938 EDT] 00000015 com.ibm.ws.recoverylog.spi.RecoveryDirectorImpl              I CWRLS0012I: All persistent services have been directed to perform recovery processing for this WebSphere server (Cell\Node\Server).
[10/11/14 13:24:03:941 EDT] 00000035 com.ibm.tx.jta.impl.RecoveryManager                          I WTRN0135I: Transaction service recovering no transactions.
[10/11/14 13:24:05:030 EDT] 00000029 com.worklight.server.database.api.WorklightDataSource        I FWLSE0187I: jdbc/WorklightReportsDS data source is disabled. No connection opened.  [project Beats4days]
[10/11/14 13:24:05:042 EDT] 00000029 ringframework.orm.jpa.LocalContainerEntityManagerFactoryBean I Building JPA container EntityManagerFactory for persistence unit 'WorklightReportsPU'
[10/11/14 13:24:05:048 EDT] 00000029 SystemErr                                                    R 1  WorklightReportsPU  WARN   [Thread-15] openjpa.Runtime - An error occurred while registering a ClassTransformer with PersistenceUnitInfo: name 'WorklightReportsPU', root URL [file:/C:/Users/Chris/Documents/GitHub/Beats4Days/WorklightServerConfig/shared/resources/worklight-jee-library-6.2.0.jar]. The error has been consumed. To see it, set your openjpa.Runtime log level to TRACE. Load-time class transformation will not be available.
[10/11/14 13:24:05:080 EDT] 00000029 com.worklight.report.impl.GadgetReportsServiceImpl           I FWLSE0186I: Application raw reports are disabled. [project Beats4days]
[10/11/14 13:24:05:337 EDT] 00000015 com.ibm.ws.rsadapter.spi.InternalGenericDataStoreHelper      I DSRA8203I: Database product name : Apache Derby
[10/11/14 13:24:05:337 EDT] 00000015 com.ibm.ws.rsadapter.spi.InternalGenericDataStoreHelper      I DSRA8204I: Database product version : 10.8.2.2 - (1181258)
[10/11/14 13:24:05:337 EDT] 00000015 com.ibm.ws.rsadapter.spi.InternalGenericDataStoreHelper      I DSRA8205I: JDBC driver name  : Apache Derby Embedded JDBC Driver
[10/11/14 13:24:05:338 EDT] 00000015 com.ibm.ws.rsadapter.spi.InternalGenericDataStoreHelper      I DSRA8206I: JDBC driver version  : 10.8.2.2 - (1181258)
[10/11/14 13:24:05:375 EDT] 00000015 com.ibm.worklight.dataaccess.datastore.DataStore             I constructor Creating EntityManagerFactory for persistence-unit=WorklightManagementPU-derby with properties: {openjpa.ConnectionFactory=com.ibm.ws.rsadapter.jdbc.WSJdbcDataSource@557c0896, openjpa.jdbc.SynchronizeMappings=buildSchema(SchemaAction='add')}
[10/11/14 13:24:05:664 EDT] 00000029 com.worklight.common.util.jmx.LibertyJMXRegister             I FWLSE2008I: MBean registration succeeded for: com.worklight.common.server.jmx.api:type=ProjectManagement,qualifier=Beats4days [project Beats4days]
[10/11/14 13:24:05:688 EDT] 00000029 SystemOut                                                    O Cleanup dir is C:\Users\Chris\Documents\GitHub\Beats4Days\WorklightServerConfig\servers\worklight\workarea\org.eclipse.osgi\bundles\75\data\temp\default_node\SMF_WebContainer\Beats4days\Beats4days\widget-resources
[10/11/14 13:24:05:704 EDT] 00000029 com.worklight.common.util.jmx.LibertyRuntimeMBeanHandler     I Establishing REST connection to service:jmx:rest://localhost:10443/IBMJMXConnectorREST
[10/11/14 13:24:05:845 EDT] 00000015 com.worklight.common.util.jmx.LibertyJMXRegister             I FWLSE2008I: MBean registration succeeded for: com.worklight.common.server.jmx.api:type=WorklightAdmin,qualifier=worklightadmin
[10/11/14 13:24:05:858 EDT] 00000015 SystemErr                                                    R 60  WorklightManagementPU-derby  INFO   [Scheduled Executor-thread-1] openjpa.Runtime - Starting OpenJPA 1.2.2
[10/11/14 13:24:06:080 EDT] 00000015 SystemErr                                                    R 282  WorklightManagementPU-derby  INFO   [Scheduled Executor-thread-1] openjpa.jdbc.JDBC - Using dictionary class "org.apache.openjpa.jdbc.sql.DerbyDictionary" (Apache Derby 10.8.2.2 - (1181258) ,Apache Derby Embedded JDBC Driver 10.8.2.2 - (1181258)).
[10/11/14 13:24:08:022 EDT] 00000015 SystemErr                                                    R 2224  WorklightManagementPU-derby  INFO   [Scheduled Executor-thread-1] openjpa.Runtime - Though you are using optimistic transactions, OpenJPA is now beginning a datastore transaction because you have requested a lock on some data.
[10/11/14 13:24:08:113 EDT] 00000015 SystemErr                                                    R 2315  WorklightManagementPU-derby  INFO   [Scheduled Executor-thread-1] openjpa.Runtime - Though you are using optimistic transactions, OpenJPA is now beginning a datastore transaction because you have requested a lock on some data.
[10/11/14 13:24:08:121 EDT] 00000015 org.springframework.web.context.ContextLoader                I Root WebApplicationContext: initialization completed in 4914 ms
[10/11/14 13:24:08:123 EDT] 00000015 ht.admin.listeners.WorklightManagementServletContextListener I Worklight admin servlet context listener initialized
[10/11/14 13:24:08:129 EDT] 00000015 ht.admin.listeners.WorklightManagementServletContextListener I FWLSE3199I: ========= Worklight Admin Services version 6.2.0.00-20141002-1640 started.
[10/11/14 13:24:08:194 EDT] 00000015 org.apache.wink.server.internal.servlet.RestServlet          I The system is using the com.ibm.worklight.admin.services.ManagementServiceServlet JAX-RS application class that is named in the javax.ws.rs.Application init-param initialization parameter.
[10/11/14 13:24:08:313 EDT] 00000015 apache.wink.server.internal.application.ApplicationProcessor I The following JAX-RS application has been processed: com.ibm.worklight.admin.services.ManagementServiceServlet
[10/11/14 13:24:08:316 EDT] 00000015 org.apache.wink.server.internal.log.Resources                I The server has registered the JAX-RS resource class com.ibm.worklight.admin.services.ManagementService with @Path(/).
[10/11/14 13:24:08:320 EDT] 00000015 org.apache.wink.server.internal.log.Providers                I The class com.ibm.worklight.admin.util.ByteArrayWorkaroundProvider was registered as a JAX-RS MessageBodyReader provider for com.ibm.worklight.admin.util.ByteArrayWorkaround Java types and */* media types.
[10/11/14 13:24:08:321 EDT] 00000015 org.apache.wink.server.internal.log.Providers                I The class com.ibm.worklight.admin.util.ByteArrayWorkaroundProvider was registered as a JAX-RS MessageBodyWriter provider for com.ibm.worklight.admin.util.ByteArrayWorkaround Java types and */* media types.
[10/11/14 13:24:08:449 EDT] 00000015 com.ibm.ws.webcontainer.servlet                              I SRVE0242I: [WorklightServices] [/worklightadmin] [ManagementServlet]: Initialization successful.
[10/11/14 13:24:08:450 EDT] 00000015 com.ibm.ws.app.manager.internal.statemachine.StartAction     A CWWKZ0001I: Application WorklightServices started in 10.980 seconds.
[10/11/14 13:24:08:460 EDT] 00000015 com.ibm.ws.app.manager.internal.statemachine.StartAction     I CWWKZ0018I: Starting application _MobileBrowserSimulator.
[10/11/14 13:24:08:516 EDT] 00000015 com.ibm.ws.webcontainer.osgi.webapp.WebGroup                 I SRVE0169I: Loading Web Module: _MobileBrowserSimulator.
[10/11/14 13:24:08:516 EDT] 00000015 com.ibm.ws.webcontainer                                      I SRVE0250I: Web Module _MobileBrowserSimulator has been bound to default_host.
[10/11/14 13:24:08:516 EDT] 00000015 com.ibm.ws.http.internal.VirtualHostImpl                     A CWWKT0016I: Web application available (default_host): http://192.168.1.103:10080/_MobileBrowserSimulator/
[10/11/14 13:24:08:537 EDT] 00000015 com.ibm.ws.session.WASSessionCore                            I SESN0176I: A new session context will be created for application key default_host/_MobileBrowserSimulator
[10/11/14 13:24:08:537 EDT] 00000015 com.ibm.ws.util                                              I SESN0172I: The session manager is using the Java default SecureRandom implementation for session ID generation.
[10/11/14 13:24:08:545 EDT] 00000015 com.ibm.ws.app.manager.internal.statemachine.StartAction     A CWWKZ0001I: Application _MobileBrowserSimulator started in 0.085 seconds.
[10/11/14 13:24:08:556 EDT] 00000015 com.ibm.ws.app.manager.internal.statemachine.StartAction     I CWWKZ0018I: Starting application _analytics.
[10/11/14 13:24:08:603 EDT] 0000005d com.ibm.worklight.admin.services.ManagementService           I ping service invoked to check if the HTTP(s) port is available
[10/11/14 13:24:08:838 EDT] 00000060 SystemErr                                                    R 3158  WorklightManagementPU-derby  INFO   [LargeThreadPool-thread-39] openjpa.Runtime - Starting OpenJPA 1.2.2
[10/11/14 13:24:08:840 EDT] 00000060 SystemErr                                                    R 3160  WorklightManagementPU-derby  INFO   [LargeThreadPool-thread-39] openjpa.jdbc.JDBC - Using dictionary class "org.apache.openjpa.jdbc.sql.DerbyDictionary" (Apache Derby 10.8.2.2 - (1181258) ,Apache Derby Embedded JDBC Driver 10.8.2.2 - (1181258)).
[10/11/14 13:24:09:317 EDT] 00000060 SystemErr                                                    R 3520  WorklightManagementPU-derby  INFO   [LargeThreadPool-thread-39] openjpa.Runtime - Though you are using optimistic transactions, OpenJPA is now beginning a datastore transaction because you have requested a lock on some data.
[10/11/14 13:24:09:322 EDT] 00000060 SystemErr                                                    R 3524  WorklightManagementPU-derby  INFO   [LargeThreadPool-thread-39] openjpa.Runtime - Though you are using optimistic transactions, OpenJPA is now beginning a datastore transaction because you have requested a lock on some data.
[10/11/14 13:24:10:158 EDT] 00000065 SystemErr                                                    R 4360  WorklightManagementPU-derby  INFO   [LargeThreadPool-thread-44] openjpa.Runtime - Though you are using optimistic transactions, OpenJPA is now beginning a datastore transaction because you have requested a lock on some data.
[10/11/14 13:24:10:188 EDT] 00000065 com.ibm.worklight.admin.jmx.ManagementMXBeanImpl             I Result: Beats4days: worklight///192.168.1.103: Runtime was synchronized successfully
[10/11/14 13:24:10:189 EDT] 00000065 com.ibm.worklight.admin.jmx.ManagementMXBeanImpl             I Beats4days: worklight///192.168.1.103: 2014-10-11T17:24:09.745Z: Transaction handler reset
[10/11/14 13:24:10:198 EDT] 00000029 com.worklight.core.init.WorklightServletInitializer          I FWLSE0247I: The Beats4days project initialization times were: start-firstReadyCheck=13, firstReadyCheck=2,930, ready for sync=0, sync=1,563 [project Beats4days]
[10/11/14 13:24:10:208 EDT] 00000029 com.worklight.server.bundle.project.JeeProjectActivator      I FWLST0002I: ========= Project /Beats4days started. The project WAR file version is 6.2.0.00.20141002-1640,running on server version 6.2.0.00.20141002-1640. [project Beats4days]
[10/11/14 13:24:10:208 EDT] 00000029 SystemOut                                                    O ================ End init of Beats4days  12840
[10/11/14 13:24:10:974 EDT] 0000006d com.ibm.ws.webcontainer.servlet                              I SRVE0242I: [Beats4days] [/Beats4days] [PreviewServlet]: Initialization successful.
[10/11/14 13:24:11:905 EDT] 00000015 com.ibm.ws.webcontainer.osgi.webapp.WebGroup                 I SRVE0169I: Loading Web Module: analytics.
[10/11/14 13:24:11:905 EDT] 00000015 com.ibm.ws.webcontainer                                      I SRVE0250I: Web Module analytics has been bound to default_host.
[10/11/14 13:24:11:905 EDT] 00000015 com.ibm.ws.http.internal.VirtualHostImpl                     A CWWKT0016I: Web application available (default_host): http://192.168.1.103:10080/_analytics/
[10/11/14 13:24:11:993 EDT] 00000015 com.ibm.ws.injectionengine.AbstractInjectionEngine           W CWNEN0070W: The javax.ws.rs.QueryParam annotation class will not be recognized because it was loaded from the null location rather than from a product class loader.
[10/11/14 13:24:11:993 EDT] 00000015 com.ibm.ws.injectionengine.AbstractInjectionEngine           W CWNEN0070W: The javax.ws.rs.CookieParam annotation class will not be recognized because it was loaded from the null location rather than from a product class loader.
[10/11/14 13:24:11:994 EDT] 00000015 com.ibm.ws.injectionengine.AbstractInjectionEngine           W CWNEN0070W: The javax.ws.rs.MatrixParam annotation class will not be recognized because it was loaded from the null location rather than from a product class loader.
[10/11/14 13:24:11:996 EDT] 00000015 com.ibm.ws.injectionengine.AbstractInjectionEngine           W CWNEN0070W: The javax.ws.rs.core.Context annotation class will not be recognized because it was loaded from the null location rather than from a product class loader.
[10/11/14 13:24:11:997 EDT] 00000015 com.ibm.ws.injectionengine.AbstractInjectionEngine           W CWNEN0070W: The javax.ws.rs.PathParam annotation class will not be recognized because it was loaded from the null location rather than from a product class loader.
[10/11/14 13:24:11:998 EDT] 00000015 com.ibm.ws.injectionengine.AbstractInjectionEngine           W CWNEN0070W: The javax.ws.rs.HeaderParam annotation class will not be recognized because it was loaded from the null location rather than from a product class loader.
[10/11/14 13:24:12:046 EDT] 00000015 com.ibm.ws.session.WASSessionCore                            I SESN0176I: A new session context will be created for application key default_host/_analytics
[10/11/14 13:24:12:046 EDT] 00000015 com.ibm.ws.util                                              I SESN0172I: The session manager is using the Java default SecureRandom implementation for session ID generation.
[10/11/14 13:24:12:622 EDT] 00000015 com.ibm.ws.app.manager.internal.statemachine.StartAction     A CWWKZ0001I: Application _analytics started in 4.066 seconds.
[10/11/14 13:24:12:633 EDT] 00000015 com.ibm.ws.app.manager.internal.statemachine.StartAction     I CWWKZ0018I: Starting application WorklightConsole.
[10/11/14 13:24:13:040 EDT] 00000015 com.ibm.ws.webcontainer.osgi.webapp.WebGroup                 I SRVE0169I: Loading Web Module: Worklight Console.
[10/11/14 13:24:13:041 EDT] 00000015 com.ibm.ws.webcontainer                                      I SRVE0250I: Web Module Worklight Console has been bound to default_host.
[10/11/14 13:24:13:041 EDT] 00000015 com.ibm.ws.http.internal.VirtualHostImpl                     A CWWKT0016I: Web application available (default_host): http://192.168.1.103:10080/worklightconsole/
[10/11/14 13:24:13:090 EDT] 00000015 com.ibm.ws.session.WASSessionCore                            I SESN0176I: A new session context will be created for application key default_host/worklightconsole
[10/11/14 13:24:13:090 EDT] 00000015 com.ibm.ws.util                                              I SESN0172I: The session manager is using the Java default SecureRandom implementation for session ID generation.
[10/11/14 13:24:13:108 EDT] 00000015 com.ibm.ws.webcontainer.servlet                              I SRVE0242I: [WorklightConsole] [/worklightconsole] [servicesServlet]: Initialization successful.
[10/11/14 13:24:13:110 EDT] 00000015 com.ibm.ws.app.manager.internal.statemachine.StartAction     A CWWKZ0001I: Application WorklightConsole started in 0.477 seconds.
[10/11/14 13:24:13:136 EDT] 00000019 com.ibm.ws.kernel.feature.internal.FeatureManager            I CWWKF0008I: Feature update completed in 22.895 seconds.
[10/11/14 13:24:13:137 EDT] 00000019 com.ibm.ws.kernel.feature.internal.FeatureManager            A CWWKF0011I: The server worklight is ready to run a smarter planet.
[10/11/14 13:35:47:787 EDT] 00000015 com.ibm.ws.config.internal.xml.XMLBundleProcessor            A CWWKG0016I: Starting server configuration update.
[10/11/14 13:35:47:804 EDT] 00000015 com.ibm.ws.config.internal.xml.XMLBundleProcessor            A CWWKG0018I: The server configuration was not updated. No functional changes were detected.
[10/11/14 13:35:48:772 EDT] 00000105 com.ibm.ws.webcontainer.servlet                              I SRVE0242I: [Beats4days] [/Beats4days] [DevRootServlet]: Initialization successful.
[10/11/14 14:12:07:466 EDT] 00000015 com.ibm.ws.config.internal.xml.XMLBundleProcessor            A CWWKG0016I: Starting server configuration update.
[10/11/14 14:12:07:475 EDT] 00000015 com.ibm.ws.config.internal.xml.XMLBundleProcessor            A CWWKG0018I: The server configuration was not updated. No functional changes were detected.
[10/11/14 19:06:13:657 EDT] 000003bc com.ibm.ws.http.internal.VirtualHostImpl                     A CWWKT0017I: Web application removed (default_host): http://192.168.1.103:10080/_analytics/
[10/11/14 19:06:13:666 EDT] 000003bc com.ibm.ws.app.manager.internal.statemachine.StopAction      A CWWKZ0009I: The application _analytics has stopped successfully.
[10/11/14 19:06:13:673 EDT] 000003bc com.ibm.ws.http.internal.VirtualHostImpl                     A CWWKT0017I: Web application removed (default_host): http://192.168.1.103:10080/Beats4days/
[10/11/14 19:06:13:675 EDT] 000003bc com.ibm.ws.webcontainer.servlet                              I SRVE0253I: [Beats4days] [/Beats4days] [DevRootServlet]: Destroy successful.
[10/11/14 19:06:13:677 EDT] 000003bc com.ibm.ws.webcontainer.servlet                              I SRVE0253I: [Beats4days] [/Beats4days] [AuthorizationServer]: Destroy successful.
[10/11/14 19:06:13:677 EDT] 000003bc com.ibm.ws.webcontainer.servlet                              I SRVE0253I: [Beats4days] [/Beats4days] [PreviewServlet]: Destroy successful.
[10/11/14 19:06:13:679 EDT] 000003bc ingframework.context.support.FileSystemXmlApplicationContext I Closing org.springframework.context.support.FileSystemXmlApplicationContext@a30bff3: display name [org.springframework.context.support.FileSystemXmlApplicationContext@a30bff3]; startup date [Sat Oct 11 13:23:57 EDT 2014]; root of context hierarchy
[10/11/14 19:06:13:680 EDT] 000003bc ngframework.beans.factory.support.DefaultListableBeanFactory I Destroying singletons in org.springframework.beans.factory.support.DefaultListableBeanFactory@352a9f62: defining beans [txManager,mailingService,WorkLightNotice,rssBrokerUtils,audit,GenericDAO,clusterSynchronizationDAO,taskCoordinator,taskManager,worklightAuthenticationService,authenticationDAO,ssoDAO,ssoExpiredLoginContextsCleanupTask,keyStoreManager,analyticsHttpService,invocationContextManager,dataAccessService,shellResourcesService,analyticsService,coreServiceManager,adapterManager,nodeProcessManager,adapterManagementService,factProcessingTask,PlatformUsageProcessingTask,notificationCleanupTask,WSSecurityService,gadgetDAO,deviceDAO,licenseTermsDAO,platformUsageService,configProfileService,gfwProps,gadgetEnvironmentManager,gadgetResourcesRoot,gadgetCustomizedResourcesRoot,applicationMetadataService,applicationManagementService,notificationsSimulationManager,pushServiceListener,PushService,worklight-direct,rssBrokerDS,brokerSessionFactory,reportService,reportsDS,reportsBrokerDS,reportsSessionFactory,gadgetReportsDAO,notificationReportsDao,gadgetReportsService,analyticsFactService,nodeInfo,registrationService,runtimeTransactionHandler,projectSyncService]; root of factory hierarchy
[10/11/14 19:06:13:681 EDT] 000003bc ringframework.orm.jpa.LocalContainerEntityManagerFactoryBean I Closing JPA EntityManagerFactory for persistence unit 'WorklightReportsPU'
[10/11/14 19:06:13:696 EDT] 000003bc ringframework.orm.jpa.LocalContainerEntityManagerFactoryBean I Closing JPA EntityManagerFactory for persistence unit 'WorklightPU'
[10/11/14 19:06:13:829 EDT] 000003bc hsqldb.db.HSQLDB490037907C.ENGINE                            I Database closed
[10/11/14 19:06:13:937 EDT] 000003bc com.worklight.server.bundle.project.JeeProjectActivator      I FWLST0004I: ========= Project /Beats4days stopped
[10/11/14 19:06:13:942 EDT] 000003bc com.ibm.ws.app.manager.internal.statemachine.StopAction      A CWWKZ0009I: The application Beats4days has stopped successfully.
[10/11/14 19:06:13:948 EDT] 000003bc com.ibm.ws.http.internal.VirtualHostImpl                     A CWWKT0017I: Web application removed (default_host): http://192.168.1.103:10080/_MobileBrowserSimulator/
[10/11/14 19:06:13:952 EDT] 000003bc com.ibm.ws.app.manager.internal.statemachine.StopAction      A CWWKZ0009I: The application _MobileBrowserSimulator has stopped successfully.
[10/11/14 19:06:13:957 EDT] 000003bc com.ibm.ws.http.internal.VirtualHostImpl                     A CWWKT0017I: Web application removed (default_host): http://192.168.1.103:10080/worklightadmin/
[10/11/14 19:06:13:958 EDT] 000003bc com.ibm.ws.webcontainer.servlet                              I SRVE0253I: [WorklightServices] [/worklightadmin] [ManagementServlet]: Destroy successful.
[10/11/14 19:06:13:958 EDT] 000003bc ht.admin.listeners.WorklightManagementServletContextListener I Worklight admin servlet context listener destroyed
[10/11/14 19:06:13:958 EDT] 000003bc com.ibm.ws.webcontainer.webapp                               I SRVE0292I: Servlet Message - [worklight-management-service]:.Closing Spring root WebApplicationContext
[10/11/14 19:06:13:959 EDT] 000003bc springframework.web.context.support.XmlWebApplicationContext I Closing org.springframework.web.context.support.XmlWebApplicationContext@250be282: display name [Root WebApplicationContext]; startup date [Sat Oct 11 13:24:03 EDT 2014]; root of context hierarchy
[10/11/14 19:06:13:960 EDT] 000003bc ngframework.beans.factory.support.DefaultListableBeanFactory I Destroying singletons in org.springframework.beans.factory.support.DefaultListableBeanFactory@180bf596: defining beans [registrationServiceFactory]; root of factory hierarchy
[10/11/14 19:06:13:964 EDT] 000003bc com.ibm.ws.app.manager.internal.statemachine.StopAction      A CWWKZ0009I: The application WorklightServices has stopped successfully.
[10/11/14 19:06:13:969 EDT] 000003bc com.ibm.ws.http.internal.VirtualHostImpl                     A CWWKT0017I: Web application removed (default_host): http://192.168.1.103:10080/worklightconsole/
[10/11/14 19:06:13:969 EDT] 000003bc com.ibm.ws.webcontainer.servlet                              I SRVE0253I: [WorklightConsole] [/worklightconsole] [servicesServlet]: Destroy successful.
[10/11/14 19:06:13:976 EDT] 000003bc com.ibm.ws.app.manager.internal.statemachine.StopAction      A CWWKZ0009I: The application WorklightConsole has stopped successfully.
[10/11/14 19:06:14:050 EDT] 00000121 com.ibm.ws.http.internal.VirtualHostImpl                     A CWWKT0017I: Web application removed (default_host): http://192.168.1.103:10080/IBMJMXConnectorREST/
[10/11/14 19:06:14:050 EDT] 00000121 com.ibm.ws.webcontainer.servlet                              I SRVE0253I: [com.ibm.ws.jmx.connector.server.rest] [/IBMJMXConnectorREST] [MBeanServerConnector]: Destroy successful.
[10/11/14 19:06:14:347 EDT] 000003bc com.ibm.tx.jta.impl.FailureScopeController                   A WTRN0105I: The transaction service has shutdown successfully with no transactions requiring recovery.
[10/11/14 19:06:14:410 EDT] 000003bc com.ibm.ws.security.internal.SecurityReadyServiceImpl        I CWWKS0009I: The security service has stopped.
[10/11/14 19:06:14:502 EDT] 000003bc com.ibm.ws.tcpchannel.internal.TCPChannel                    I CWWKO0220I: TCP Channel defaultHttpEndpoint-ssl has stopped listening for requests on host *  (IPv4) port 10443.
[10/11/14 19:06:14:528 EDT] 0000011c com.ibm.ws.tcpchannel.internal.TCPChannel                    I CWWKO0220I: TCP Channel defaultHttpEndpoint has stopped listening for requests on host *  (IPv4) port 10080.
[10/11/14 19:06:15:008 EDT] 00000001 com.ibm.ws.kernel.launch.internal.FrameworkManager           A CWWKE0036I: The server worklight stopped after 5 hours, 42 minutes, 26.849 seconds.
