********************************************************************************
product = WebSphere Application Server 8.5.5.1 (wlp-1.0.4.cl50120131011-1639)
wlp.install.dir = C:/Users/Chris/Desktop/eclipse/plugins/com.worklight.studio.plugin_6.2.0.00-20141002-1640/liberty/wlp/
server.config.dir = C:/Users/Chris/Documents/GitHub/Beats4Days/WorklightServerConfig/servers/worklight/
java.home = C:\Program Files\Java\jre6
java.version = 1.6.0_24
java.runtime = Java(TM) SE Runtime Environment (1.6.0_24-b07)
os = Windows 7 (6.1; amd64) (en_US)
********************************************************************************
[10/11/14 13:17:50:892 EDT] 00000001 com.ibm.ws.logging.internal.TraceSpecification               I TRAS0018I: The trace state has been changed. The new trace state is *=info.
[10/11/14 13:17:50:910 EDT] 00000001 com.ibm.ws.kernel.launch.internal.FrameworkManager           A CWWKE0001I: The server worklight has been launched.
[10/11/14 13:17:53:404 EDT] 00000001 com.ibm.ws.kernel.launch.internal.FrameworkManager           I CWWKE0002I: The kernel started after 2.707 seconds
[10/11/14 13:17:53:451 EDT] 00000018 com.ibm.ws.kernel.feature.internal.FeatureManager            I CWWKF0007I: Feature update started.
[10/11/14 13:17:55:545 EDT] 00000010 com.ibm.ws.security.internal.SecurityReadyServiceImpl        I CWWKS0007I: The security service is starting...
[10/11/14 13:17:56:419 EDT] 00000012 com.ibm.ws.ssl.config.WSKeyStore                             I CWPKI0802I: Creating the SSL certificate. This may take a few seconds.
[10/11/14 13:17:56:626 EDT] 0000001d com.ibm.ws.tcpchannel.internal.TCPChannel                    I CWWKO0219I: TCP Channel defaultHttpEndpoint has been started and is now listening for requests on host *  (IPv4) port 10080.
[10/11/14 13:17:56:929 EDT] 00000021 com.ibm.ws.security.token.ltpa.internal.LTPAKeyInfoManager   I CWWKS4103I: Creating the LTPA keys. This may take a few seconds.
[10/11/14 13:17:57:091 EDT] 00000012 com.ibm.ws.ssl.config.WSKeyStore                             A CWPKI0803A: SSL certificate created in 0.675 seconds. SSL key file: C:/Users/Chris/Documents/GitHub/Beats4Days/WorklightServerConfig/servers/worklight/resources/security/key.jks
[10/11/14 13:17:57:156 EDT] 00000025 com.ibm.ws.tcpchannel.internal.TCPChannel                    I CWWKO0219I: TCP Channel defaultHttpEndpoint-ssl has been started and is now listening for requests on host *  (IPv4) port 10443.
[10/11/14 13:17:57:583 EDT] 00000010 com.ibm.ws.app.manager.internal.monitor.DropinMonitor        A CWWKZ0058I: Monitoring dropins for applications. 
[10/11/14 13:17:57:668 EDT] 00000014 com.ibm.ws.app.manager.internal.statemachine.StartAction     I CWWKZ0018I: Starting application Beats4days.
[10/11/14 13:17:57:959 EDT] 00000023 com.ibm.ws.webcontainer.osgi.webapp.WebGroup                 I SRVE0169I: Loading Web Module: IBMJMXConnectorREST.
[10/11/14 13:17:57:960 EDT] 00000023 com.ibm.ws.webcontainer                                      I SRVE0250I: Web Module IBMJMXConnectorREST has been bound to default_host.
[10/11/14 13:17:57:964 EDT] 00000023 com.ibm.ws.http.internal.VirtualHostImpl                     A CWWKT0016I: Web application available (default_host): http://192.168.1.103:10080/IBMJMXConnectorREST/
[10/11/14 13:17:58:029 EDT] 00000014 com.ibm.ws.webcontainer.osgi.webapp.WebGroup                 I SRVE0169I: Loading Web Module: Worklight.
[10/11/14 13:17:58:029 EDT] 00000014 com.ibm.ws.webcontainer                                      I SRVE0250I: Web Module Worklight has been bound to default_host.
[10/11/14 13:17:58:030 EDT] 00000014 com.ibm.ws.http.internal.VirtualHostImpl                     A CWWKT0016I: Web application available (default_host): http://192.168.1.103:10080/Beats4days/
[10/11/14 13:17:58:563 EDT] 00000014 com.ibm.ws.session.WASSessionCore                            I SESN8501I: The session manager did not find a persistent storage location; HttpSession objects will be stored in the local application server's memory.
[10/11/14 13:17:58:576 EDT] 00000023 com.ibm.ws.session.WASSessionCore                            I SESN0176I: A new session context will be created for application key default_host/IBMJMXConnectorREST
[10/11/14 13:17:58:576 EDT] 00000014 com.ibm.ws.session.WASSessionCore                            I SESN0176I: A new session context will be created for application key default_host/Beats4days
[10/11/14 13:17:58:597 EDT] 00000023 com.ibm.ws.util                                              I SESN0172I: The session manager is using the Java default SecureRandom implementation for session ID generation.
[10/11/14 13:17:58:613 EDT] 00000014 com.ibm.ws.util                                              I SESN0172I: The session manager is using the Java default SecureRandom implementation for session ID generation.
[10/11/14 13:17:58:936 EDT] 00000021 com.ibm.ws.security.token.ltpa.internal.LTPAKeyInfoManager   A CWWKS4104A: LTPA keys created in 2.009 seconds. LTPA key file: C:/Users/Chris/Documents/GitHub/Beats4Days/WorklightServerConfig/servers/worklight/resources/security/ltpa.keys
[10/11/14 13:17:58:943 EDT] 00000021 com.ibm.ws.security.internal.SecurityReadyServiceImpl        I CWWKS0008I: The security service is ready.
[10/11/14 13:17:58:945 EDT] 00000021 com.ibm.ws.security.token.ltpa.internal.LTPAKeyCreator       I CWWKS4105I: LTPA configuration is ready after 2.024 seconds.
[10/11/14 13:17:59:081 EDT] 00000023 apache.wink.server.internal.application.ApplicationProcessor I The following JAX-RS application has been processed: com.ibm.ws.jaxrs.webcontainer.JAXRSDefaultApplicationSubclassProxy
[10/11/14 13:17:59:083 EDT] 00000023 org.apache.wink.server.internal.log.Resources                I The server has registered the JAX-RS resource class com.ibm.ws.jmx.connector.server.rest.resources.FileTransferRouterResource with @Path(/fileTransfer/router/{filePath}).
[10/11/14 13:17:59:083 EDT] 00000023 org.apache.wink.server.internal.log.Resources                I The server has registered the JAX-RS resource class com.ibm.ws.jmx.connector.server.rest.resources.AttributeResource with @Path(/mbeans/{objectName}/attributes).
[10/11/14 13:17:59:084 EDT] 00000023 org.apache.wink.server.internal.log.Resources                I The server has registered the JAX-RS resource class com.ibm.ws.jmx.connector.server.rest.resources.FileTransferResource with @Path(/fileTransfer/{filePath}).
[10/11/14 13:17:59:084 EDT] 00000023 org.apache.wink.server.internal.log.Resources                I The server has registered the JAX-RS resource class com.ibm.ws.jmx.connector.server.rest.resources.NotificationResource with @Path(/notifications).
[10/11/14 13:17:59:084 EDT] 00000023 org.apache.wink.server.internal.log.Resources                I The server has registered the JAX-RS resource class com.ibm.ws.jmx.connector.server.rest.resources.MBeanRouterResource with @Path(/router).
[10/11/14 13:17:59:084 EDT] 00000023 org.apache.wink.server.internal.log.Resources                I The server has registered the JAX-RS resource class com.ibm.ws.jmx.connector.server.rest.resources.MBeanResource with @Path(/mbeans).
[10/11/14 13:17:59:085 EDT] 00000023 org.apache.wink.server.internal.log.Resources                I The server has registered the JAX-RS resource class com.ibm.ws.jmx.connector.server.rest.resources.JMXResource with @Path().
[10/11/14 13:17:59:088 EDT] 00000023 org.apache.wink.server.internal.log.Providers                I The class com.ibm.ws.jmx.connector.server.rest.providers.JSONErrorOutputStreamProvider was registered as a JAX-RS MessageBodyWriter provider for com.ibm.ws.jmx.connector.server.rest.providers.JSONErrorOutputStream Java types and application/json media types.
[10/11/14 13:17:59:502 EDT] 00000023 com.ibm.ws.webcontainer.servlet                              I SRVE0242I: [com.ibm.ws.jmx.connector.server.rest] [/IBMJMXConnectorREST] [MBeanServerConnector]: Initialization successful.
[10/11/14 13:18:00:546 EDT] 00000014 com.worklight.server.bundle.api.WorklightConfiguration       I FWLSE4006I: Worklight Studio is running in 'development' mode. [project Beats4days]
[10/11/14 13:18:00:549 EDT] 0000002b com.worklight.server.bundle.project.JeeProjectActivator      I FWLST0022I: Worklight project async start = true
[10/11/14 13:18:00:573 EDT] 00000014 apache.wink.server.internal.application.ApplicationProcessor I The following JAX-RS application has been processed: com.ibm.ws.jaxrs.webcontainer.JAXRSDefaultApplicationSubclassProxy
[10/11/14 13:18:00:574 EDT] 00000014 org.apache.wink.server.internal.log.Resources                I The server has registered the JAX-RS resource class com.worklight.oauth.TokenValidationEndpoint with @Path(/validation).
[10/11/14 13:18:00:574 EDT] 00000014 org.apache.wink.server.internal.log.Resources                I The server has registered the JAX-RS resource class com.worklight.oauth.TokenEndpoint with @Path(/token).
[10/11/14 13:18:00:574 EDT] 00000014 org.apache.wink.server.internal.log.Providers                I There are no custom JAX-RS providers defined in the application.
[10/11/14 13:18:00:600 EDT] 00000014 com.ibm.ws.webcontainer.servlet                              I SRVE0242I: [Beats4days] [/Beats4days] [AuthorizationServer]: Initialization successful.
[10/11/14 13:18:00:617 EDT] 00000014 com.ibm.ws.app.manager.internal.statemachine.StartAction     A CWWKZ0001I: Application Beats4days started in 2.950 seconds.
[10/11/14 13:18:00:626 EDT] 00000014 com.ibm.ws.app.manager.internal.statemachine.StartAction     I CWWKZ0018I: Starting application WorklightServices.
[10/11/14 13:18:00:758 EDT] 0000002b com.worklight.server.bundle.project.JeeProjectActivator      I FWLST0001I: Worklight home folder is C:\Users\Chris\Documents\GitHub\Beats4Days\WorklightServerConfig\servers\worklight\workarea\org.eclipse.osgi\bundles\75\data\temp\default_node\SMF_WebContainer\Beats4days\Beats4days [project Beats4days]
[10/11/14 13:18:00:781 EDT] 0000002b ingframework.context.support.FileSystemXmlApplicationContext I Refreshing org.springframework.context.support.FileSystemXmlApplicationContext@57aed175: display name [org.springframework.context.support.FileSystemXmlApplicationContext@57aed175]; startup date [Sat Oct 11 13:18:00 EDT 2014]; root of context hierarchy
[10/11/14 13:18:00:861 EDT] 0000002b rg.springframework.beans.factory.xml.XmlBeanDefinitionReader I Loading XML bean definitions from URL [wsjar:file:/C:/Users/Chris/Documents/GitHub/Beats4Days/WorklightServerConfig/shared/resources/worklight-jee-library-6.2.0.jar!/conf/spring-server-core.xml]
[10/11/14 13:18:00:926 EDT] 0000002b rg.springframework.beans.factory.xml.XmlBeanDefinitionReader I Loading XML bean definitions from URL [wsjar:file:/C:/Users/Chris/Documents/GitHub/Beats4Days/WorklightServerConfig/shared/resources/worklight-jee-library-6.2.0.jar!/conf/core.xml]
[10/11/14 13:18:00:961 EDT] 0000002b rg.springframework.beans.factory.xml.XmlBeanDefinitionReader I Loading XML bean definitions from URL [wsjar:file:/C:/Users/Chris/Documents/GitHub/Beats4Days/WorklightServerConfig/shared/resources/worklight-jee-library-6.2.0.jar!/conf/integration.xml]
[10/11/14 13:18:00:975 EDT] 0000002b rg.springframework.beans.factory.xml.XmlBeanDefinitionReader I Loading XML bean definitions from URL [wsjar:file:/C:/Users/Chris/Documents/GitHub/Beats4Days/WorklightServerConfig/shared/resources/worklight-jee-library-6.2.0.jar!/conf/gadgets.xml]
[10/11/14 13:18:00:987 EDT] 0000002b rg.springframework.beans.factory.xml.XmlBeanDefinitionReader I Loading XML bean definitions from URL [wsjar:file:/C:/Users/Chris/Documents/GitHub/Beats4Days/WorklightServerConfig/shared/resources/worklight-jee-library-6.2.0.jar!/conf/pushworks.xml]
[10/11/14 13:18:01:007 EDT] 0000002b ngframework.beans.factory.support.DefaultListableBeanFactory I Overriding bean definition for bean 'gadgetCustomizedResourcesRoot': replacing [Generic bean: class [com.worklight.core.util.WorkingDirectory]; scope=singleton; abstract=false; lazyInit=false; autowireMode=0; dependencyCheck=0; autowireCandidate=true; primary=false; factoryBeanName=null; factoryMethodName=null; initMethodName=null; destroyMethodName=null; defined in URL [wsjar:file:/C:/Users/Chris/Documents/GitHub/Beats4Days/WorklightServerConfig/shared/resources/worklight-jee-library-6.2.0.jar!/conf/gadgets.xml]] with [Generic bean: class [com.worklight.core.util.WorkingDirectory]; scope=singleton; abstract=false; lazyInit=false; autowireMode=0; dependencyCheck=0; autowireCandidate=true; primary=false; factoryBeanName=null; factoryMethodName=null; initMethodName=null; destroyMethodName=null; defined in URL [wsjar:file:/C:/Users/Chris/Documents/GitHub/Beats4Days/WorklightServerConfig/shared/resources/worklight-jee-library-6.2.0.jar!/conf/spring-server-core.xml]]
[10/11/14 13:18:01:008 EDT] 0000002b ngframework.beans.factory.support.DefaultListableBeanFactory I Overriding bean definition for bean 'gadgetResourcesRoot': replacing [Generic bean: class [com.worklight.core.util.WorkingDirectory]; scope=singleton; abstract=false; lazyInit=false; autowireMode=0; dependencyCheck=0; autowireCandidate=true; primary=false; factoryBeanName=null; factoryMethodName=null; initMethodName=null; destroyMethodName=null; defined in URL [wsjar:file:/C:/Users/Chris/Documents/GitHub/Beats4Days/WorklightServerConfig/shared/resources/worklight-jee-library-6.2.0.jar!/conf/gadgets.xml]] with [Generic bean: class [com.worklight.core.util.WorkingDirectory]; scope=singleton; abstract=false; lazyInit=false; autowireMode=0; dependencyCheck=0; autowireCandidate=true; primary=false; factoryBeanName=null; factoryMethodName=null; initMethodName=null; destroyMethodName=null; defined in URL [wsjar:file:/C:/Users/Chris/Documents/GitHub/Beats4Days/WorklightServerConfig/shared/resources/worklight-jee-library-6.2.0.jar!/conf/spring-server-core.xml]]
[10/11/14 13:18:01:016 EDT] 0000002b ingframework.context.support.FileSystemXmlApplicationContext I Bean factory for application context [org.springframework.context.support.FileSystemXmlApplicationContext@57aed175]: org.springframework.beans.factory.support.DefaultListableBeanFactory@ac6c8cb
[10/11/14 13:18:01:228 EDT] 0000002b ngframework.beans.factory.support.DefaultListableBeanFactory I Pre-instantiating singletons in org.springframework.beans.factory.support.DefaultListableBeanFactory@ac6c8cb: defining beans [txManager,mailingService,WorkLightNotice,rssBrokerUtils,audit,GenericDAO,clusterSynchronizationDAO,taskCoordinator,taskManager,worklightAuthenticationService,authenticationDAO,ssoDAO,ssoExpiredLoginContextsCleanupTask,keyStoreManager,analyticsHttpService,invocationContextManager,dataAccessService,shellResourcesService,analyticsService,coreServiceManager,adapterManager,nodeProcessManager,adapterManagementService,factProcessingTask,PlatformUsageProcessingTask,notificationCleanupTask,WSSecurityService,gadgetDAO,deviceDAO,licenseTermsDAO,platformUsageService,configProfileService,gfwProps,gadgetEnvironmentManager,gadgetResourcesRoot,gadgetCustomizedResourcesRoot,applicationMetadataService,applicationManagementService,notificationsSimulationManager,pushServiceListener,PushService,worklight-direct,rssBrokerDS,brokerSessionFactory,reportService,reportsDS,reportsBrokerDS,reportsSessionFactory,gadgetReportsDAO,notificationReportsDao,gadgetReportsService,analyticsFactService,nodeInfo,registrationService,runtimeTransactionHandler,projectSyncService]; root of factory hierarchy
[10/11/14 13:18:01:909 EDT] 0000002b hsqldb.db.HSQLDB490037907C.ENGINE                            I Checkpoint start
[10/11/14 13:18:01:909 EDT] 0000002b hsqldb.db.HSQLDB490037907C.ENGINE                            I checkpointClose start
[10/11/14 13:18:01:948 EDT] 0000002b hsqldb.db.HSQLDB490037907C.ENGINE                            I checkpointClose end
[10/11/14 13:18:01:961 EDT] 0000002b hsqldb.db.HSQLDB490037907C.ENGINE                            I Checkpoint end
[10/11/14 13:18:02:088 EDT] 0000002b ringframework.orm.jpa.LocalContainerEntityManagerFactoryBean I Building JPA container EntityManagerFactory for persistence unit 'WorklightPU'
[10/11/14 13:18:02:564 EDT] 0000002b SystemErr                                                    R 40  WorklightPU  WARN   [Thread-15] openjpa.Runtime - An error occurred while registering a ClassTransformer with PersistenceUnitInfo: name 'WorklightPU', root URL [file:/C:/Users/Chris/Documents/GitHub/Beats4Days/WorklightServerConfig/shared/resources/worklight-jee-library-6.2.0.jar]. The error has been consumed. To see it, set your openjpa.Runtime log level to TRACE. Load-time class transformation will not be available.
[10/11/14 13:18:03:686 EDT] 0000002b SystemErr                                                    R 1162  WorklightPU  INFO   [Thread-15] openjpa.Runtime - Starting OpenJPA 1.2.2
[10/11/14 13:18:03:778 EDT] 0000002b SystemErr                                                    R 1254  WorklightPU  INFO   [Thread-15] openjpa.jdbc.JDBC - Using dictionary class "org.apache.openjpa.jdbc.sql.HSQLDictionary".
[10/11/14 13:18:04:354 EDT] 00000014 com.ibm.ws.webcontainer.osgi.webapp.WebGroup                 I SRVE0169I: Loading Web Module: Worklight Administration Services.
[10/11/14 13:18:04:354 EDT] 00000014 com.ibm.ws.webcontainer                                      I SRVE0250I: Web Module Worklight Administration Services has been bound to default_host.
[10/11/14 13:18:04:355 EDT] 00000014 com.ibm.ws.http.internal.VirtualHostImpl                     A CWWKT0016I: Web application available (default_host): http://192.168.1.103:10080/worklightadmin/
[10/11/14 13:18:04:505 EDT] 00000014 com.ibm.ws.injectionengine.AbstractInjectionEngine           W CWNEN0070W: The javax.ws.rs.HeaderParam annotation class will not be recognized because it was loaded from the null location rather than from a product class loader.
[10/11/14 13:18:04:508 EDT] 00000014 com.ibm.ws.injectionengine.AbstractInjectionEngine           W CWNEN0070W: The javax.ws.rs.QueryParam annotation class will not be recognized because it was loaded from the null location rather than from a product class loader.
[10/11/14 13:18:04:509 EDT] 00000014 com.ibm.ws.injectionengine.AbstractInjectionEngine           W CWNEN0070W: The javax.ws.rs.MatrixParam annotation class will not be recognized because it was loaded from the null location rather than from a product class loader.
[10/11/14 13:18:04:511 EDT] 00000014 com.ibm.ws.injectionengine.AbstractInjectionEngine           W CWNEN0070W: The javax.ws.rs.CookieParam annotation class will not be recognized because it was loaded from the null location rather than from a product class loader.
[10/11/14 13:18:04:512 EDT] 00000014 com.ibm.ws.injectionengine.AbstractInjectionEngine           W CWNEN0070W: The javax.ws.rs.PathParam annotation class will not be recognized because it was loaded from the null location rather than from a product class loader.
[10/11/14 13:18:04:513 EDT] 00000014 com.ibm.ws.injectionengine.AbstractInjectionEngine           W CWNEN0070W: The javax.ws.rs.core.Context annotation class will not be recognized because it was loaded from the null location rather than from a product class loader.
[10/11/14 13:18:04:540 EDT] 00000014 com.ibm.ws.session.WASSessionCore                            I SESN0176I: A new session context will be created for application key default_host/worklightadmin
[10/11/14 13:18:04:540 EDT] 00000014 com.ibm.ws.util                                              I SESN0172I: The session manager is using the Java default SecureRandom implementation for session ID generation.
[10/11/14 13:18:05:093 EDT] 00000014 com.ibm.ws.webcontainer.webapp                               I SRVE0292I: Servlet Message - [worklight-management-service]:.Initializing Spring root WebApplicationContext
[10/11/14 13:18:05:095 EDT] 00000014 org.springframework.web.context.ContextLoader                I Root WebApplicationContext: initialization started
[10/11/14 13:18:05:161 EDT] 00000014 springframework.web.context.support.XmlWebApplicationContext I Refreshing org.springframework.web.context.support.XmlWebApplicationContext@6c305152: display name [Root WebApplicationContext]; startup date [Sat Oct 11 13:18:05 EDT 2014]; root of context hierarchy
[10/11/14 13:18:05:247 EDT] 00000014 rg.springframework.beans.factory.xml.XmlBeanDefinitionReader I Loading XML bean definitions from ServletContext resource [/WEB-INF/spring-management-service.xml]
[10/11/14 13:18:05:287 EDT] 00000014 springframework.web.context.support.XmlWebApplicationContext I Bean factory for application context [org.springframework.web.context.support.XmlWebApplicationContext@6c305152]: org.springframework.beans.factory.support.DefaultListableBeanFactory@7ab61810
[10/11/14 13:18:05:327 EDT] 00000014 ngframework.beans.factory.support.DefaultListableBeanFactory I Pre-instantiating singletons in org.springframework.beans.factory.support.DefaultListableBeanFactory@7ab61810: defining beans [registrationServiceFactory]; root of factory hierarchy
[10/11/14 13:18:05:485 EDT] 00000014 com.ibm.worklight.dataaccess.datastore.DataStoreUtil         I getWorklightDataSourceProperties Read properties file. allProperties: {ibm.worklight.admin.db.jndi.name=java:comp/env/jdbc/WorklightAdminDS}
[10/11/14 13:18:05:496 EDT] 00000014 com.ibm.worklight.dataaccess.datastore.DataStoreUtil         I dereferenceProperties Handling propName=ibm.worklight.admin.db.jndi.name propValue=java:comp/env/jdbc/WorklightAdminDS
[10/11/14 13:18:05:497 EDT] 00000014 com.ibm.worklight.dataaccess.datastore.DataStoreUtil         I dereferenceProperties Handling propName=ibm.worklight.admin.db.openjpa.Log propValue=
[10/11/14 13:18:05:497 EDT] 00000014 com.ibm.worklight.dataaccess.datastore.DataStoreUtil         I dereferenceProperties Handling propName=ibm.worklight.admin.db.type propValue=
[10/11/14 13:18:05:725 EDT] 00000014 com.ibm.ws.recoverylog.spi.RecoveryDirectorImpl              I CWRLS0010I: Performing recovery processing for local WebSphere server (Cell\Node\Server).
[10/11/14 13:18:05:756 EDT] 00000035 com.ibm.ws.recoverylog.spi.LogHandle                         I CWRLS0007I: No existing recovery log files found in /C:/Users/Chris/Documents/GitHub/Beats4Days/WorklightServerConfig/servers/worklight/tranlog/\tranlog. Cold starting the recovery log.
[10/11/14 13:18:05:756 EDT] 00000035 com.ibm.ws.recoverylog.spi.LogFileHandle                     I CWRLS0006I: Creating new recovery log file /C:/Users/Chris/Documents/GitHub/Beats4Days/WorklightServerConfig/servers/worklight/tranlog/\tranlog\log1.
[10/11/14 13:18:05:761 EDT] 00000035 com.ibm.ws.recoverylog.spi.LogFileHandle                     I CWRLS0006I: Creating new recovery log file /C:/Users/Chris/Documents/GitHub/Beats4Days/WorklightServerConfig/servers/worklight/tranlog/\tranlog\log2.
[10/11/14 13:18:05:767 EDT] 00000035 com.ibm.ws.recoverylog.spi.LogHandle                         I CWRLS0007I: No existing recovery log files found in /C:/Users/Chris/Documents/GitHub/Beats4Days/WorklightServerConfig/servers/worklight/tranlog/\partnerlog. Cold starting the recovery log.
[10/11/14 13:18:05:767 EDT] 00000035 com.ibm.ws.recoverylog.spi.LogFileHandle                     I CWRLS0006I: Creating new recovery log file /C:/Users/Chris/Documents/GitHub/Beats4Days/WorklightServerConfig/servers/worklight/tranlog/\partnerlog\log1.
[10/11/14 13:18:05:804 EDT] 00000035 com.ibm.ws.recoverylog.spi.LogFileHandle                     I CWRLS0006I: Creating new recovery log file /C:/Users/Chris/Documents/GitHub/Beats4Days/WorklightServerConfig/servers/worklight/tranlog/\partnerlog\log2.
[10/11/14 13:18:05:849 EDT] 00000014 com.ibm.ws.recoverylog.spi.RecoveryDirectorImpl              I CWRLS0012I: All persistent services have been directed to perform recovery processing for this WebSphere server (Cell\Node\Server).
[10/11/14 13:18:05:854 EDT] 00000035 com.ibm.tx.jta.impl.RecoveryManager                          I WTRN0135I: Transaction service recovering no transactions.
[10/11/14 13:18:07:053 EDT] 0000002b com.worklight.server.database.api.WorklightDataSource        I FWLSE0187I: jdbc/WorklightReportsDS data source is disabled. No connection opened.  [project Beats4days]
[10/11/14 13:18:07:062 EDT] 0000002b ringframework.orm.jpa.LocalContainerEntityManagerFactoryBean I Building JPA container EntityManagerFactory for persistence unit 'WorklightReportsPU'
[10/11/14 13:18:07:067 EDT] 0000002b SystemErr                                                    R 0  WorklightReportsPU  WARN   [Thread-15] openjpa.Runtime - An error occurred while registering a ClassTransformer with PersistenceUnitInfo: name 'WorklightReportsPU', root URL [file:/C:/Users/Chris/Documents/GitHub/Beats4Days/WorklightServerConfig/shared/resources/worklight-jee-library-6.2.0.jar]. The error has been consumed. To see it, set your openjpa.Runtime log level to TRACE. Load-time class transformation will not be available.
[10/11/14 13:18:07:103 EDT] 0000002b com.worklight.report.impl.GadgetReportsServiceImpl           I FWLSE0186I: Application raw reports are disabled. [project Beats4days]
[10/11/14 13:18:07:669 EDT] 00000014 com.ibm.ws.rsadapter.spi.InternalGenericDataStoreHelper      I DSRA8203I: Database product name : Apache Derby
[10/11/14 13:18:07:669 EDT] 00000014 com.ibm.ws.rsadapter.spi.InternalGenericDataStoreHelper      I DSRA8204I: Database product version : 10.8.2.2 - (1181258)
[10/11/14 13:18:07:670 EDT] 00000014 com.ibm.ws.rsadapter.spi.InternalGenericDataStoreHelper      I DSRA8205I: JDBC driver name  : Apache Derby Embedded JDBC Driver
[10/11/14 13:18:07:670 EDT] 00000014 com.ibm.ws.rsadapter.spi.InternalGenericDataStoreHelper      I DSRA8206I: JDBC driver version  : 10.8.2.2 - (1181258)
[10/11/14 13:18:07:711 EDT] 00000014 com.ibm.worklight.dataaccess.datastore.DataStore             I constructor Creating EntityManagerFactory for persistence-unit=WorklightManagementPU-derby with properties: {openjpa.ConnectionFactory=com.ibm.ws.rsadapter.jdbc.WSJdbcDataSource@11bdc94f, openjpa.jdbc.SynchronizeMappings=buildSchema(SchemaAction='add')}
[10/11/14 13:18:07:772 EDT] 0000002b com.worklight.common.util.jmx.LibertyJMXRegister             I FWLSE2008I: MBean registration succeeded for: com.worklight.common.server.jmx.api:type=ProjectManagement,qualifier=Beats4days [project Beats4days]
[10/11/14 13:18:07:787 EDT] 0000002b SystemOut                                                    O Cleanup dir is C:\Users\Chris\Documents\GitHub\Beats4Days\WorklightServerConfig\servers\worklight\workarea\org.eclipse.osgi\bundles\75\data\temp\default_node\SMF_WebContainer\Beats4days\Beats4days\widget-resources
[10/11/14 13:18:07:804 EDT] 0000002b com.worklight.common.util.jmx.LibertyRuntimeMBeanHandler     I Establishing REST connection to service:jmx:rest://localhost:10443/IBMJMXConnectorREST
[10/11/14 13:18:08:123 EDT] 00000014 com.worklight.common.util.jmx.LibertyJMXRegister             I FWLSE2008I: MBean registration succeeded for: com.worklight.common.server.jmx.api:type=WorklightAdmin,qualifier=worklightadmin
[10/11/14 13:18:08:129 EDT] 00000014 SystemErr                                                    R 51  WorklightManagementPU-derby  INFO   [Scheduled Executor-thread-1] openjpa.Runtime - Starting OpenJPA 1.2.2
[10/11/14 13:18:08:278 EDT] 00000014 SystemErr                                                    R 200  WorklightManagementPU-derby  INFO   [Scheduled Executor-thread-1] openjpa.jdbc.JDBC - Using dictionary class "org.apache.openjpa.jdbc.sql.DerbyDictionary" (Apache Derby 10.8.2.2 - (1181258) ,Apache Derby Embedded JDBC Driver 10.8.2.2 - (1181258)).
[10/11/14 13:18:10:005 EDT] 00000014 SystemErr                                                    R 1927  WorklightManagementPU-derby  INFO   [Scheduled Executor-thread-1] openjpa.Runtime - Though you are using optimistic transactions, OpenJPA is now beginning a datastore transaction because you have requested a lock on some data.
[10/11/14 13:18:10:050 EDT] 00000014 org.springframework.web.context.ContextLoader                I Root WebApplicationContext: initialization completed in 4954 ms
[10/11/14 13:18:10:052 EDT] 00000014 ht.admin.listeners.WorklightManagementServletContextListener I Worklight admin servlet context listener initialized
[10/11/14 13:18:10:056 EDT] 00000014 ht.admin.listeners.WorklightManagementServletContextListener I FWLSE3199I: ========= Worklight Admin Services version 6.2.0.00-20141002-1640 started.
[10/11/14 13:18:10:102 EDT] 00000014 org.apache.wink.server.internal.servlet.RestServlet          I The system is using the com.ibm.worklight.admin.services.ManagementServiceServlet JAX-RS application class that is named in the javax.ws.rs.Application init-param initialization parameter.
[10/11/14 13:18:10:175 EDT] 00000014 apache.wink.server.internal.application.ApplicationProcessor I The following JAX-RS application has been processed: com.ibm.worklight.admin.services.ManagementServiceServlet
[10/11/14 13:18:10:177 EDT] 00000014 org.apache.wink.server.internal.log.Resources                I The server has registered the JAX-RS resource class com.ibm.worklight.admin.services.ManagementService with @Path(/).
[10/11/14 13:18:10:179 EDT] 00000014 org.apache.wink.server.internal.log.Providers                I The class com.ibm.worklight.admin.util.ByteArrayWorkaroundProvider was registered as a JAX-RS MessageBodyReader provider for com.ibm.worklight.admin.util.ByteArrayWorkaround Java types and */* media types.
[10/11/14 13:18:10:180 EDT] 00000014 org.apache.wink.server.internal.log.Providers                I The class com.ibm.worklight.admin.util.ByteArrayWorkaroundProvider was registered as a JAX-RS MessageBodyWriter provider for com.ibm.worklight.admin.util.ByteArrayWorkaround Java types and */* media types.
[10/11/14 13:18:10:263 EDT] 00000014 com.ibm.ws.webcontainer.servlet                              I SRVE0242I: [WorklightServices] [/worklightadmin] [ManagementServlet]: Initialization successful.
[10/11/14 13:18:10:264 EDT] 00000014 com.ibm.ws.app.manager.internal.statemachine.StartAction     A CWWKZ0001I: Application WorklightServices started in 9.638 seconds.
[10/11/14 13:18:10:276 EDT] 00000014 com.ibm.ws.app.manager.internal.statemachine.StartAction     I CWWKZ0018I: Starting application _MobileBrowserSimulator.
[10/11/14 13:18:10:304 EDT] 00000014 com.ibm.ws.webcontainer.osgi.webapp.WebGroup                 I SRVE0169I: Loading Web Module: _MobileBrowserSimulator.
[10/11/14 13:18:10:305 EDT] 00000014 com.ibm.ws.webcontainer                                      I SRVE0250I: Web Module _MobileBrowserSimulator has been bound to default_host.
[10/11/14 13:18:10:305 EDT] 00000014 com.ibm.ws.http.internal.VirtualHostImpl                     A CWWKT0016I: Web application available (default_host): http://192.168.1.103:10080/_MobileBrowserSimulator/
[10/11/14 13:18:10:319 EDT] 00000014 com.ibm.ws.session.WASSessionCore                            I SESN0176I: A new session context will be created for application key default_host/_MobileBrowserSimulator
[10/11/14 13:18:10:320 EDT] 00000014 com.ibm.ws.util                                              I SESN0172I: The session manager is using the Java default SecureRandom implementation for session ID generation.
[10/11/14 13:18:10:325 EDT] 00000014 com.ibm.ws.app.manager.internal.statemachine.StartAction     A CWWKZ0001I: Application _MobileBrowserSimulator started in 0.048 seconds.
[10/11/14 13:18:10:334 EDT] 00000014 com.ibm.ws.app.manager.internal.statemachine.StartAction     I CWWKZ0018I: Starting application _analytics.
[10/11/14 13:18:10:338 EDT] 00000060 com.ibm.worklight.admin.services.ManagementService           I ping service invoked to check if the HTTP(s) port is available
[10/11/14 13:18:10:534 EDT] 00000063 SystemErr                                                    R 2544  WorklightManagementPU-derby  INFO   [LargeThreadPool-thread-42] openjpa.Runtime - Starting OpenJPA 1.2.2
[10/11/14 13:18:10:536 EDT] 00000063 SystemErr                                                    R 2546  WorklightManagementPU-derby  INFO   [LargeThreadPool-thread-42] openjpa.jdbc.JDBC - Using dictionary class "org.apache.openjpa.jdbc.sql.DerbyDictionary" (Apache Derby 10.8.2.2 - (1181258) ,Apache Derby Embedded JDBC Driver 10.8.2.2 - (1181258)).
[10/11/14 13:18:10:950 EDT] 00000063 SystemErr                                                    R 2871  WorklightManagementPU-derby  INFO   [LargeThreadPool-thread-42] openjpa.Runtime - Though you are using optimistic transactions, OpenJPA is now beginning a datastore transaction because you have requested a lock on some data.
[10/11/14 13:18:11:049 EDT] 00000063 SystemErr                                                    R 2971  WorklightManagementPU-derby  INFO   [LargeThreadPool-thread-42] openjpa.Runtime - Though you are using optimistic transactions, OpenJPA is now beginning a datastore transaction because you have requested a lock on some data.
[10/11/14 13:18:11:552 EDT] 00000067 SystemErr                                                    R 3473  WorklightManagementPU-derby  INFO   [LargeThreadPool-thread-46] openjpa.Runtime - Though you are using optimistic transactions, OpenJPA is now beginning a datastore transaction because you have requested a lock on some data.
[10/11/14 13:18:11:566 EDT] 00000067 com.ibm.worklight.admin.jmx.ManagementMXBeanImpl             I Result: Beats4days: worklight///192.168.1.103: Runtime was synchronized successfully
[10/11/14 13:18:11:567 EDT] 00000067 com.ibm.worklight.admin.jmx.ManagementMXBeanImpl             I Beats4days: worklight///192.168.1.103: 2014-10-11T17:18:11.303Z: Transaction handler reset
[10/11/14 13:18:11:572 EDT] 0000002b com.worklight.core.init.WorklightServletInitializer          I FWLSE0247I: The Beats4days project initialization times were: start-firstReadyCheck=14, firstReadyCheck=2,565, ready for sync=0, sync=1,203 [project Beats4days]
[10/11/14 13:18:11:575 EDT] 0000002b com.worklight.server.bundle.project.JeeProjectActivator      I FWLST0002I: ========= Project /Beats4days started. The project WAR file version is 6.2.0.00.20141002-1640,running on server version 6.2.0.00.20141002-1640. [project Beats4days]
[10/11/14 13:18:11:575 EDT] 0000002b SystemOut                                                    O ================ End init of Beats4days  11027
[10/11/14 13:18:12:864 EDT] 0000006f com.ibm.ws.webcontainer.servlet                              I SRVE0242I: [Beats4days] [/Beats4days] [PreviewServlet]: Initialization successful.
[10/11/14 13:18:13:404 EDT] 00000014 com.ibm.ws.webcontainer.osgi.webapp.WebGroup                 I SRVE0169I: Loading Web Module: analytics.
[10/11/14 13:18:13:405 EDT] 00000014 com.ibm.ws.webcontainer                                      I SRVE0250I: Web Module analytics has been bound to default_host.
[10/11/14 13:18:13:405 EDT] 00000014 com.ibm.ws.http.internal.VirtualHostImpl                     A CWWKT0016I: Web application available (default_host): http://192.168.1.103:10080/_analytics/
[10/11/14 13:18:13:466 EDT] 00000014 com.ibm.ws.injectionengine.AbstractInjectionEngine           W CWNEN0070W: The javax.ws.rs.HeaderParam annotation class will not be recognized because it was loaded from the null location rather than from a product class loader.
[10/11/14 13:18:13:468 EDT] 00000014 com.ibm.ws.injectionengine.AbstractInjectionEngine           W CWNEN0070W: The javax.ws.rs.QueryParam annotation class will not be recognized because it was loaded from the null location rather than from a product class loader.
[10/11/14 13:18:13:468 EDT] 00000014 com.ibm.ws.injectionengine.AbstractInjectionEngine           W CWNEN0070W: The javax.ws.rs.MatrixParam annotation class will not be recognized because it was loaded from the null location rather than from a product class loader.
[10/11/14 13:18:13:469 EDT] 00000014 com.ibm.ws.injectionengine.AbstractInjectionEngine           W CWNEN0070W: The javax.ws.rs.CookieParam annotation class will not be recognized because it was loaded from the null location rather than from a product class loader.
[10/11/14 13:18:13:469 EDT] 00000014 com.ibm.ws.injectionengine.AbstractInjectionEngine           W CWNEN0070W: The javax.ws.rs.PathParam annotation class will not be recognized because it was loaded from the null location rather than from a product class loader.
[10/11/14 13:18:13:470 EDT] 00000014 com.ibm.ws.injectionengine.AbstractInjectionEngine           W CWNEN0070W: The javax.ws.rs.core.Context annotation class will not be recognized because it was loaded from the null location rather than from a product class loader.
[10/11/14 13:18:13:484 EDT] 00000014 com.ibm.ws.session.WASSessionCore                            I SESN0176I: A new session context will be created for application key default_host/_analytics
[10/11/14 13:18:13:485 EDT] 00000014 com.ibm.ws.util                                              I SESN0172I: The session manager is using the Java default SecureRandom implementation for session ID generation.
[10/11/14 13:18:13:925 EDT] 00000014 com.ibm.ws.app.manager.internal.statemachine.StartAction     A CWWKZ0001I: Application _analytics started in 3.590 seconds.
[10/11/14 13:18:13:931 EDT] 00000014 com.ibm.ws.app.manager.internal.statemachine.StartAction     I CWWKZ0018I: Starting application WorklightConsole.
[10/11/14 13:18:14:369 EDT] 00000014 com.ibm.ws.webcontainer.osgi.webapp.WebGroup                 I SRVE0169I: Loading Web Module: Worklight Console.
[10/11/14 13:18:14:369 EDT] 00000014 com.ibm.ws.webcontainer                                      I SRVE0250I: Web Module Worklight Console has been bound to default_host.
[10/11/14 13:18:14:369 EDT] 00000014 com.ibm.ws.http.internal.VirtualHostImpl                     A CWWKT0016I: Web application available (default_host): http://192.168.1.103:10080/worklightconsole/
[10/11/14 13:18:14:407 EDT] 00000014 com.ibm.ws.session.WASSessionCore                            I SESN0176I: A new session context will be created for application key default_host/worklightconsole
[10/11/14 13:18:14:407 EDT] 00000014 com.ibm.ws.util                                              I SESN0172I: The session manager is using the Java default SecureRandom implementation for session ID generation.
[10/11/14 13:18:14:417 EDT] 00000014 com.ibm.ws.webcontainer.servlet                              I SRVE0242I: [WorklightConsole] [/worklightconsole] [servicesServlet]: Initialization successful.
[10/11/14 13:18:14:418 EDT] 00000014 com.ibm.ws.app.manager.internal.statemachine.StartAction     A CWWKZ0001I: Application WorklightConsole started in 0.487 seconds.
[10/11/14 13:18:14:445 EDT] 00000018 com.ibm.ws.kernel.feature.internal.FeatureManager            I CWWKF0008I: Feature update completed in 21.049 seconds.
[10/11/14 13:18:14:445 EDT] 00000018 com.ibm.ws.kernel.feature.internal.FeatureManager            A CWWKF0011I: The server worklight is ready to run a smarter planet.
[10/11/14 13:18:39:104 EDT] 00000081 com.ibm.ws.webcontainer.servlet                              I SRVE0242I: [Beats4days] [/Beats4days] [DevRootServlet]: Initialization successful.
[10/11/14 13:19:10:492 EDT] 0000001f com.ibm.ws.logging.internal.impl.IncidentImpl                I FFDC1015I: An FFDC Incident has been created: "com.ibm.wsspi.channelfw.exception.ChannelException: TCP Channel detected a possible loop on thread: Inbound Write Selector.1 com.ibm.ws.tcpchannel.internal.SocketRWChannelSelector 186" at ffdc_14.10.11_13.19.10.0.log
[10/11/14 13:23:45:998 EDT] 000000de com.ibm.ws.http.internal.VirtualHostImpl                     A CWWKT0017I: Web application removed (default_host): http://192.168.1.103:10080/_analytics/
[10/11/14 13:23:46:008 EDT] 000000de com.ibm.ws.app.manager.internal.statemachine.StopAction      A CWWKZ0009I: The application _analytics has stopped successfully.
[10/11/14 13:23:46:012 EDT] 000000de com.ibm.ws.http.internal.VirtualHostImpl                     A CWWKT0017I: Web application removed (default_host): http://192.168.1.103:10080/Beats4days/
[10/11/14 13:23:46:013 EDT] 000000de com.ibm.ws.webcontainer.servlet                              I SRVE0253I: [Beats4days] [/Beats4days] [DevRootServlet]: Destroy successful.
[10/11/14 13:23:46:015 EDT] 000000de com.ibm.ws.webcontainer.servlet                              I SRVE0253I: [Beats4days] [/Beats4days] [AuthorizationServer]: Destroy successful.
[10/11/14 13:23:46:015 EDT] 000000de com.ibm.ws.webcontainer.servlet                              I SRVE0253I: [Beats4days] [/Beats4days] [PreviewServlet]: Destroy successful.
[10/11/14 13:23:46:016 EDT] 000000de ingframework.context.support.FileSystemXmlApplicationContext I Closing org.springframework.context.support.FileSystemXmlApplicationContext@57aed175: display name [org.springframework.context.support.FileSystemXmlApplicationContext@57aed175]; startup date [Sat Oct 11 13:18:00 EDT 2014]; root of context hierarchy
[10/11/14 13:23:46:017 EDT] 000000de ngframework.beans.factory.support.DefaultListableBeanFactory I Destroying singletons in org.springframework.beans.factory.support.DefaultListableBeanFactory@ac6c8cb: defining beans [txManager,mailingService,WorkLightNotice,rssBrokerUtils,audit,GenericDAO,clusterSynchronizationDAO,taskCoordinator,taskManager,worklightAuthenticationService,authenticationDAO,ssoDAO,ssoExpiredLoginContextsCleanupTask,keyStoreManager,analyticsHttpService,invocationContextManager,dataAccessService,shellResourcesService,analyticsService,coreServiceManager,adapterManager,nodeProcessManager,adapterManagementService,factProcessingTask,PlatformUsageProcessingTask,notificationCleanupTask,WSSecurityService,gadgetDAO,deviceDAO,licenseTermsDAO,platformUsageService,configProfileService,gfwProps,gadgetEnvironmentManager,gadgetResourcesRoot,gadgetCustomizedResourcesRoot,applicationMetadataService,applicationManagementService,notificationsSimulationManager,pushServiceListener,PushService,worklight-direct,rssBrokerDS,brokerSessionFactory,reportService,reportsDS,reportsBrokerDS,reportsSessionFactory,gadgetReportsDAO,notificationReportsDao,gadgetReportsService,analyticsFactService,nodeInfo,registrationService,runtimeTransactionHandler,projectSyncService]; root of factory hierarchy
[10/11/14 13:23:46:019 EDT] 000000de ringframework.orm.jpa.LocalContainerEntityManagerFactoryBean I Closing JPA EntityManagerFactory for persistence unit 'WorklightReportsPU'
[10/11/14 13:23:46:022 EDT] 000000de ringframework.orm.jpa.LocalContainerEntityManagerFactoryBean I Closing JPA EntityManagerFactory for persistence unit 'WorklightPU'
[10/11/14 13:23:46:210 EDT] 000000de hsqldb.db.HSQLDB490037907C.ENGINE                            I Database closed
[10/11/14 13:23:46:319 EDT] 000000de com.worklight.server.bundle.project.JeeProjectActivator      I FWLST0004I: ========= Project /Beats4days stopped
[10/11/14 13:23:46:324 EDT] 000000de com.ibm.ws.app.manager.internal.statemachine.StopAction      A CWWKZ0009I: The application Beats4days has stopped successfully.
[10/11/14 13:23:46:330 EDT] 000000de com.ibm.ws.http.internal.VirtualHostImpl                     A CWWKT0017I: Web application removed (default_host): http://192.168.1.103:10080/_MobileBrowserSimulator/
[10/11/14 13:23:46:334 EDT] 000000de com.ibm.ws.app.manager.internal.statemachine.StopAction      A CWWKZ0009I: The application _MobileBrowserSimulator has stopped successfully.
[10/11/14 13:23:46:338 EDT] 000000de com.ibm.ws.http.internal.VirtualHostImpl                     A CWWKT0017I: Web application removed (default_host): http://192.168.1.103:10080/worklightadmin/
[10/11/14 13:23:46:339 EDT] 000000de com.ibm.ws.webcontainer.servlet                              I SRVE0253I: [WorklightServices] [/worklightadmin] [ManagementServlet]: Destroy successful.
[10/11/14 13:23:46:340 EDT] 000000de ht.admin.listeners.WorklightManagementServletContextListener I Worklight admin servlet context listener destroyed
[10/11/14 13:23:46:340 EDT] 000000de com.ibm.ws.webcontainer.webapp                               I SRVE0292I: Servlet Message - [worklight-management-service]:.Closing Spring root WebApplicationContext
[10/11/14 13:23:46:341 EDT] 000000de springframework.web.context.support.XmlWebApplicationContext I Closing org.springframework.web.context.support.XmlWebApplicationContext@6c305152: display name [Root WebApplicationContext]; startup date [Sat Oct 11 13:18:05 EDT 2014]; root of context hierarchy
[10/11/14 13:23:46:342 EDT] 000000de ngframework.beans.factory.support.DefaultListableBeanFactory I Destroying singletons in org.springframework.beans.factory.support.DefaultListableBeanFactory@7ab61810: defining beans [registrationServiceFactory]; root of factory hierarchy
[10/11/14 13:23:46:346 EDT] 000000de com.ibm.ws.app.manager.internal.statemachine.StopAction      A CWWKZ0009I: The application WorklightServices has stopped successfully.
[10/11/14 13:23:46:352 EDT] 000000de com.ibm.ws.http.internal.VirtualHostImpl                     A CWWKT0017I: Web application removed (default_host): http://192.168.1.103:10080/worklightconsole/
[10/11/14 13:23:46:353 EDT] 000000de com.ibm.ws.webcontainer.servlet                              I SRVE0253I: [WorklightConsole] [/worklightconsole] [servicesServlet]: Destroy successful.
[10/11/14 13:23:46:357 EDT] 000000de com.ibm.ws.app.manager.internal.statemachine.StopAction      A CWWKZ0009I: The application WorklightConsole has stopped successfully.
[10/11/14 13:23:46:381 EDT] 000000e1 com.ibm.ws.http.internal.VirtualHostImpl                     A CWWKT0017I: Web application removed (default_host): http://192.168.1.103:10080/IBMJMXConnectorREST/
[10/11/14 13:23:46:382 EDT] 000000e1 com.ibm.ws.webcontainer.servlet                              I SRVE0253I: [com.ibm.ws.jmx.connector.server.rest] [/IBMJMXConnectorREST] [MBeanServerConnector]: Destroy successful.
[10/11/14 13:23:46:644 EDT] 000000de com.ibm.tx.jta.impl.FailureScopeController                   A WTRN0105I: The transaction service has shutdown successfully with no transactions requiring recovery.
[10/11/14 13:23:46:678 EDT] 000000de com.ibm.ws.security.internal.SecurityReadyServiceImpl        I CWWKS0009I: The security service has stopped.
[10/11/14 13:23:46:729 EDT] 000000de com.ibm.ws.tcpchannel.internal.TCPChannel                    I CWWKO0220I: TCP Channel defaultHttpEndpoint-ssl has stopped listening for requests on host *  (IPv4) port 10443.
[10/11/14 13:23:46:744 EDT] 000000e3 com.ibm.ws.tcpchannel.internal.TCPChannel                    I CWWKO0220I: TCP Channel defaultHttpEndpoint has stopped listening for requests on host *  (IPv4) port 10080.
[10/11/14 13:23:47:044 EDT] 00000001 com.ibm.ws.kernel.launch.internal.FrameworkManager           A CWWKE0036I: The server worklight stopped after 5 minutes, 56.341 seconds.
